<?xml version="1.0" encoding="UTF-8"?>
<testsuite xmlns:xsi="http://www.w3.org/2001/XMLSchema-instance" xsi:noNamespaceSchemaLocation="https://maven.apache.org/surefire/maven-surefire-plugin/xsd/surefire-test-report-3.0.xsd" version="3.0" name="com.example.automator.AutomatorControllerTests" time="56.697" tests="3" errors="0" skipped="0" failures="0">
  <properties>
[...]
</properties>
  <testcase name="testOptimizer" classname="com.example.automator.AutomatorControllerTests" time="42.018">
    <system-out><![CDATA[2023-10-13T10:04:54.407+02:00  INFO 1540 --- [           main] t.c.s.AnnotationConfigContextLoaderUtils : Could not detect default configuration classes for test class [com.example.automator.AutomatorControllerTests]: AutomatorControllerTests does not declare any static, non-private, non-final, nested classes annotated with @Configuration.
2023-10-13T10:04:54.414+02:00  INFO 1540 --- [           main] .b.t.c.SpringBootTestContextBootstrapper : Found @SpringBootConfiguration com.example.automator.AutomatorApplication for test class com.example.automator.AutomatorControllerTests

  .   ____          _            __ _ _
 /\\ / ___'_ __ _ _(_)_ __  __ _ \ \ \ \
( ( )\___ | '_ | '_| | '_ \/ _` | \ \ \ \
 \\/  ___)| |_)| | | | | || (_| |  ) ) ) )
  '  |____| .__|_| |_|_| |_\__, | / / / /
 =========|_|==============|___/=/_/_/_/
 :: Spring Boot ::                (v3.1.1)

2023-10-13T10:04:54.446+02:00  INFO 1540 --- [           main] c.e.automator.AutomatorControllerTests   : Starting AutomatorControllerTests using Java 19.0.2 with PID 1540 (started by Joël in C:\Users\Joël\Desktop\automator)
2023-10-13T10:04:54.446+02:00  INFO 1540 --- [           main] c.e.automator.AutomatorControllerTests   : No active profile set, falling back to 1 default profile: "default"
2023-10-13T10:04:54.743+02:00  INFO 1540 --- [           main] o.s.b.t.m.w.SpringBootMockServletContext : Initializing Spring TestDispatcherServlet ''
2023-10-13T10:04:54.743+02:00  INFO 1540 --- [           main] o.s.t.web.servlet.TestDispatcherServlet  : Initializing Servlet ''
2023-10-13T10:04:54.747+02:00  INFO 1540 --- [           main] o.s.t.web.servlet.TestDispatcherServlet  : Completed initialization in 1 ms
2023-10-13T10:04:54.754+02:00  INFO 1540 --- [           main] c.e.automator.AutomatorControllerTests   : Started AutomatorControllerTests in 0.335 seconds (process running for 28.157)
Building process for Windows...
Search 1: 0%
Search 1: 1%
Search 1: 2%
Search 1: 3%
Search 1: 4%
Search 1: 5%
Search 1: 6%
Search 1: 7%
Search 1: 8%
Search 1: 9%
Search 1: 10%
Search 1: 11%
Search 1: 12%
Search 1: 13%
Search 1: 14%
Search 1: 15%
Search 1: 16%
Search 1: 17%
Search 1: 18%
Search 1: 19%
Search 1: 20%
Search 1: 21%
Search 1: 22%
Search 1: 23%
Search 1: 24%
Search 1: 25%
Search 1: 26%
Search 1: 27%
Search 1: 28%
Search 1: 29%
Search 1: 30%
Search 1: 31%
Search 1: 32%
Search 1: 33%
Search 1: 34%
Search 1: 35%
Search 1: 36%
Search 1: 37%
Search 1: 38%
Search 1: 39%
Search 1: 40%
Search 1: 41%
Search 1: 42%
Search 1: 43%
Search 1: 44%
Search 1: 45%
Search 1: 46%
Search 1: 47%
Search 1: 48%
Search 1: 49%
Search 1: 50%
Search 1: 51%
Search 1: 52%
Search 1: 53%
Search 1: 54%
Search 1: 55%
Search 1: 56%
Search 1: 57%
Search 1: 58%
Search 1: 59%
Search 1: 60%
Search 1: 61%
Search 1: 62%
Search 1: 63%
Search 1: 64%
Search 1: 65%
Search 1: 66%
Search 1: 67%
Search 1: 68%
Search 1: 69%
Search 1: 70%
Search 1: 71%
Search 1: 72%
Search 1: 73%
Search 1: 74%
Search 1: 75%
Search 1: 76%
Search 1: 77%
Search 1: 78%
Search 1: 79%
Search 1: 80%
Search 1: 81%
Search 1: 82%
Search 1: 83%
Search 1: 84%
Search 1: 85%
Search 1: 86%
Search 1: 87%
Search 1: 88%
Search 1: 89%
Search 1: 90%
Search 1: 91%
Search 1: 92%
Search 1: 93%
Search 1: 94%
Search 1: 95%
Search 1: 96%
Search 1: 97%
Search 1: 98%
Search 1: 99%
Search 1: 100%
All searches completed.

]]></system-out>
  </testcase>
  <testcase name="testIndex" classname="com.example.automator.AutomatorControllerTests" time="0.008"/>
  <testcase name="testModelResults" classname="com.example.automator.AutomatorControllerTests" time="14.311">
    <system-out><![CDATA[workspace created
model opened
]]></system-out>
  </testcase>
</testsuite>