<?xml version="1.0" encoding="UTF-8"?>
<testsuite xmlns:xsi="http://www.w3.org/2001/XMLSchema-instance" xsi:noNamespaceSchemaLocation="https://maven.apache.org/surefire/maven-surefire-plugin/xsd/surefire-test-report-3.0.xsd" version="3.0" name="com.example.automator.ABMRunnerTest" time="1.844" tests="1" errors="0" skipped="0" failures="0">
  <properties>
[...]
</properties>
  <testcase name="testRunABMWithMockedWorkspace" classname="com.example.automator.ABMRunnerTest" time="1.823">
    <system-out><![CDATA[model opened
]]></system-out>
  </testcase>
</testsuite>